<?xml version="1.0" encoding="UTF-8"?>
<!-- Generated by org.testng.reporters.JUnitReportReporter -->
<testsuite skipped="0" hostname="DESKTOP-NH7HDV4" name="testmodule.HomeTest" tests="1" failures="0" timestamp="18 Jan 2019 06:34:25 GMT" time="0.029" errors="0">
  <testcase name="getTitleOfPage" time="0.029" classname="testmodule.HomeTest"/>
</testsuite> <!-- testmodule.HomeTest -->
