<?xml version="1.0" encoding="UTF-8"?>
<!-- Generated by org.testng.reporters.JUnitReportReporter -->
<testsuite hostname="DESKTOP-NH7HDV4" failures="0" tests="3" name="testmodule.HomeTest" time="48.879" errors="0" timestamp="22 Jan 2019 15:28:13 GMT" skipped="2">
  <testcase classname="testmodule.HomeTest" name="getSearchResult" time="48.879"/>
  <testcase classname="testmodule.HomeTest" name="getGoogleOfferedIn">
    <skipped/>
  </testcase> <!-- getGoogleOfferedIn -->
  <testcase classname="testmodule.HomeTest" name="getTitleOfPage">
    <skipped/>
  </testcase> <!-- getTitleOfPage -->
</testsuite> <!-- testmodule.HomeTest -->
